<?xml version="1.0" encoding="UTF-8"?>
<testsuite name="com.simpleguessinggame.main.generators.ScoreGeneratorTest" tests="1" skipped="0" failures="0" errors="0" timestamp="2021-02-24T16:01:24" hostname="props-to-the-moria-dwarves" time="0.021">
  <properties/>
  <testcase name="calculateScore()" classname="com.simpleguessinggame.main.generators.ScoreGeneratorTest" time="0.021"/>
  <system-out><![CDATA[]]></system-out>
  <system-err><![CDATA[]]></system-err>
</testsuite>
